DAN'S:
eax=03bb6711 ebx=03bb6712 ecx=3fffca74 edx=00000003 esi=03bc3d3e edi=01530000
eip=7c3429c1 esp=015129a0 ebp=015129a8 iopl=0         nv up ei pl nz na po nc
cs=001b  ss=0023  ds=0023  es=0023  fs=003b  gs=0000             efl=00010202
NSCRT!memmove+0x33:
7c3429c1 f3a5            rep movs dword ptr es:[edi],dword ptr [esi]

DAN'S - A's:
eax=00000000 ebx=0401b433 ecx=1214cf7c edx=414048c8 esi=04074288 edi=00010000
eip=1209508c esp=018029bc ebp=01812b10 iopl=0         nv up ei pl zr na pe nc
cs=001b  ss=0023  ds=0023  es=0023  fs=003b  gs=0000             efl=00010246
*** WARNING: Unable to verify checksum for C:\Program Files\Winamp\Plugins\gen_ff.dll
*** ERROR: Symbol file could not be found.  Defaulted to export symbols for C:\Program Files\Winamp\Plugins\gen_ff.dll - 
gen_ff!winampGetGeneralPurposePlugin+0x8d44e:
1209508c c6401501        mov     byte ptr [eax+15h],1       ds:0023:00000015=??
0:001> !exchain
01816b48: gen_ff!winampGetGeneralPurposePlugin+cf33b (120d6f79)
01816b84: gen_ff!winampGetGeneralPurposePlugin+d1db6 (120d99f4)
01816bec: gen_ff!winampGetGeneralPurposePlugin+cb554 (120d3192)
01816d58: gen_ff!winampGetGeneralPurposePlugin+cb978 (120d35b6)
01816eac: gen_ff!winampGetGeneralPurposePlugin+cb978 (120d35b6)
01816f88: gen_ff!winampGetGeneralPurposePlugin+cebaa (120d67e8)
01817038: gen_ff!winampGetGeneralPurposePlugin+cedd6 (120d6a14)
0181827c: gen_ff!winampGetGeneralPurposePlugin+ceda0 (120d69de)
018182a0: gen_ff!winampGetGeneralPurposePlugin+ceffd (120d6c3b)
018182dc: gen_ff!winampGetGeneralPurposePlugin+ceda0 (120d69de)
01819520: gen_ff!winampGetGeneralPurposePlugin+ceda0 (120d69de)
01819544: gen_ff!winampGetGeneralPurposePlugin+ceffd (120d6c3b)
01819580: gen_ff!winampGetGeneralPurposePlugin+ceda0 (120d69de)
0181a7fc: gen_ff!winampGetGeneralPurposePlugin+ceda0 (120d69de)
0181a824: gen_ff!winampGetGeneralPurposePlugin+d2057 (120d9c95)
0181ec60: gen_ff!winampGetGeneralPurposePlugin+d1dea (120d9a28)
0181ecb0: gen_ff!winampGetGeneralPurposePlugin+d1e0e (120d9a4c)
0181ed28: gen_ff!winampGetGeneralPurposePlugin+d210d (120d9d4b)
0181ef80: gen_ff!winampGetGeneralPurposePlugin+d212f (120d9d6d)
0181ffc4: ntdll!_except_handler4+0 (7722d74d)
  CRT scope  0, filter: ntdll!__RtlUserThreadStart+2e (77285a45)
                func:   ntdll!__RtlUserThreadStart+63 (7728606c)
Invalid exception stack at ffffffff

PATTERN:
eax=6c41316c ebx=00000000 ecx=f303c229 edx=00000010 esi=00000010 edi=0406f298
eip=6b41376b esp=01822b18 ebp=41366b41 iopl=0         ov up ei ng nz ac pe nc
cs=001b  ss=0023  ds=0023  es=0023  fs=003b  gs=0000             efl=00010a96
6b41376b ??              ???
0:001> !exchain
01826b48: 6d56376d
Invalid exception stack at 56366d56


